<?xml version="1.0" encoding="UTF-8"?>
<!-- Generated by org.testng.reporters.JUnitXMLReporter -->
<testsuite ignored="0" hostname="DESKTOP-IRC19RF" failures="0" tests="3" name="Default test" time="52.154" errors="0" timestamp="2023-12-19T12:07:55 IST">
  <testcase classname="dataProvider.workingWithDataProviderMultipleUserLoginExcel" name="login" time="24.802"/>
  <testcase classname="dataProvider.workingWithDataProviderMultipleUserLoginExcel" name="login" time="10.66"/>
  <testcase classname="dataProvider.workingWithDataProviderMultipleUserLoginExcel" name="login" time="13.414"/>
</testsuite> <!-- Default test -->
