<?xml version="1.0" encoding="UTF-8"?>
<testng-results ignored="0" total="3" passed="3" failed="0" skipped="0">
  <reporter-output>
  </reporter-output>
  <suite started-at="2023-12-19T12:07:02 IST" name="Default suite" finished-at="2023-12-19T12:07:55 IST" duration-ms="52154">
    <groups>
    </groups>
    <test started-at="2023-12-19T12:07:02 IST" name="Default test" finished-at="2023-12-19T12:07:55 IST" duration-ms="52154">
      <class name="dataProvider.workingWithDataProviderMultipleUserLoginExcel">
        <test-method signature="login([Ljava.lang.String;)[pri:0, instance:dataProvider.workingWithDataProviderMultipleUserLoginExcel@73a1e9a9]" started-at="2023-12-19T12:07:06 IST" name="login" data-provider="loginDetails" finished-at="2023-12-19T12:07:30 IST" duration-ms="24802" status="PASS">
          <params>
            <param index="0">
              <value>
                <![CDATA[[Ljava.lang.String;@3d64c581]]>
              </value>
            </param>
          </params>
          <reporter-output>
          </reporter-output>
        </test-method> <!-- login -->
        <test-method signature="login([Ljava.lang.String;)[pri:0, instance:dataProvider.workingWithDataProviderMultipleUserLoginExcel@73a1e9a9]" started-at="2023-12-19T12:07:30 IST" name="login" data-provider="loginDetails" finished-at="2023-12-19T12:07:41 IST" duration-ms="10660" status="PASS">
          <params>
            <param index="0">
              <value>
                <![CDATA[[Ljava.lang.String;@5ec5ea63]]>
              </value>
            </param>
          </params>
          <reporter-output>
          </reporter-output>
        </test-method> <!-- login -->
        <test-method signature="login([Ljava.lang.String;)[pri:0, instance:dataProvider.workingWithDataProviderMultipleUserLoginExcel@73a1e9a9]" started-at="2023-12-19T12:07:41 IST" name="login" data-provider="loginDetails" finished-at="2023-12-19T12:07:54 IST" duration-ms="13414" status="PASS">
          <params>
            <param index="0">
              <value>
                <![CDATA[[Ljava.lang.String;@474821de]]>
              </value>
            </param>
          </params>
          <reporter-output>
          </reporter-output>
        </test-method> <!-- login -->
      </class> <!-- dataProvider.workingWithDataProviderMultipleUserLoginExcel -->
    </test> <!-- Default test -->
  </suite> <!-- Default suite -->
</testng-results>
